Determining if the pthread_create exist failed with the following output:
Change Dir: /home/cyberc3/catkin_ws/src/CyberTiggo/communication/communicate_to_ros/multimaster/build/CMakeFiles/CMakeTmp

Run Build Command:/usr/bin/make "cmTryCompileExec3883058455/fast"
make[1]: 正在进入目录 `/home/cyberc3/catkin_ws/src/CyberTiggo/communication/communicate_to_ros/multimaster/build/CMakeFiles/CMakeTmp'
/usr/bin/make -f CMakeFiles/cmTryCompileExec3883058455.dir/build.make CMakeFiles/cmTryCompileExec3883058455.dir/build
make[2]: 正在进入目录 `/home/cyberc3/catkin_ws/src/CyberTiggo/communication/communicate_to_ros/multimaster/build/CMakeFiles/CMakeTmp'
/usr/bin/cmake -E cmake_progress_report /home/cyberc3/catkin_ws/src/CyberTiggo/communication/communicate_to_ros/multimaster/build/CMakeFiles/CMakeTmp/CMakeFiles 1
Building C object CMakeFiles/cmTryCompileExec3883058455.dir/CheckSymbolExists.c.o
/usr/bin/cc    -o CMakeFiles/cmTryCompileExec3883058455.dir/CheckSymbolExists.c.o   -c /home/cyberc3/catkin_ws/src/CyberTiggo/communication/communicate_to_ros/multimaster/build/CMakeFiles/CMakeTmp/CheckSymbolExists.c
Linking C executable cmTryCompileExec3883058455
/usr/bin/cmake -E cmake_link_script CMakeFiles/cmTryCompileExec3883058455.dir/link.txt --verbose=1
/usr/bin/cc       CMakeFiles/cmTryCompileExec3883058455.dir/CheckSymbolExists.c.o  -o cmTryCompileExec3883058455 -rdynamic 
CMakeFiles/cmTryCompileExec3883058455.dir/CheckSymbolExists.c.o：在函数‘main’中：
CheckSymbolExists.c:(.text+0x16)：对‘pthread_create’未定义的引用
collect2: error: ld returned 1 exit status
make[2]:正在离开目录 `/home/cyberc3/catkin_ws/src/CyberTiggo/communication/communicate_to_ros/multimaster/build/CMakeFiles/CMakeTmp'
make[2]: *** [cmTryCompileExec3883058455] 错误 1
make[1]: *** [cmTryCompileExec3883058455/fast] 错误 2
make[1]:正在离开目录 `/home/cyberc3/catkin_ws/src/CyberTiggo/communication/communicate_to_ros/multimaster/build/CMakeFiles/CMakeTmp'

File /home/cyberc3/catkin_ws/src/CyberTiggo/communication/communicate_to_ros/multimaster/build/CMakeFiles/CMakeTmp/CheckSymbolExists.c:
/* */
#include <pthread.h>

int main(int argc, char** argv)
{
  (void)argv;
#ifndef pthread_create
  return ((int*)(&pthread_create))[argc];
#else
  (void)argc;
  return 0;
#endif
}

Determining if the function pthread_create exists in the pthreads failed with the following output:
Change Dir: /home/cyberc3/catkin_ws/src/CyberTiggo/communication/communicate_to_ros/multimaster/build/CMakeFiles/CMakeTmp

Run Build Command:/usr/bin/make "cmTryCompileExec3435526710/fast"
make[1]: 正在进入目录 `/home/cyberc3/catkin_ws/src/CyberTiggo/communication/communicate_to_ros/multimaster/build/CMakeFiles/CMakeTmp'
/usr/bin/make -f CMakeFiles/cmTryCompileExec3435526710.dir/build.make CMakeFiles/cmTryCompileExec3435526710.dir/build
make[2]: 正在进入目录 `/home/cyberc3/catkin_ws/src/CyberTiggo/communication/communicate_to_ros/multimaster/build/CMakeFiles/CMakeTmp'
/usr/bin/cmake -E cmake_progress_report /home/cyberc3/catkin_ws/src/CyberTiggo/communication/communicate_to_ros/multimaster/build/CMakeFiles/CMakeTmp/CMakeFiles 1
Building C object CMakeFiles/cmTryCompileExec3435526710.dir/CheckFunctionExists.c.o
/usr/bin/cc   -DCHECK_FUNCTION_EXISTS=pthread_create   -o CMakeFiles/cmTryCompileExec3435526710.dir/CheckFunctionExists.c.o   -c /usr/share/cmake-2.8/Modules/CheckFunctionExists.c
Linking C executable cmTryCompileExec3435526710
/usr/bin/cmake -E cmake_link_script CMakeFiles/cmTryCompileExec3435526710.dir/link.txt --verbose=1
/usr/bin/cc   -DCHECK_FUNCTION_EXISTS=pthread_create    CMakeFiles/cmTryCompileExec3435526710.dir/CheckFunctionExists.c.o  -o cmTryCompileExec3435526710 -rdynamic -lpthreads 
/usr/bin/ld: cannot find -lpthreads
collect2: error: ld returned 1 exit status
make[2]: *** [cmTryCompileExec3435526710] 错误 1
make[2]:正在离开目录 `/home/cyberc3/catkin_ws/src/CyberTiggo/communication/communicate_to_ros/multimaster/build/CMakeFiles/CMakeTmp'
make[1]: *** [cmTryCompileExec3435526710/fast] 错误 2
make[1]:正在离开目录 `/home/cyberc3/catkin_ws/src/CyberTiggo/communication/communicate_to_ros/multimaster/build/CMakeFiles/CMakeTmp'


